<?xml version="1.0" encoding="UTF-8"?>
<!-- Generated by org.testng.reporters.JUnitReportReporter -->
<testsuite skipped="0" hostname="LAPTOP-R2FKFQV8" name="AutomationTesting.RegularTest" tests="1" failures="0" timestamp="2022-08-31T11:37:18 IST" time="23.240" errors="0">
  <testcase name="verifyFunality" time="23.240" classname="AutomationTesting.RegularTest"/>
  <system-out/>
</testsuite> <!-- AutomationTesting.RegularTest -->
