<?xml version="1.0" encoding="UTF-8"?>
<!-- Generated by org.testng.reporters.JUnitReportReporter -->
<testsuite skipped="0" hostname="LAPTOP-R2FKFQV8" name="AutomationTesting.TC01Test" tests="1" failures="0" timestamp="2022-09-26T18:47:33 IST" time="17.621" errors="0">
  <testcase name="verifyFunctionality" time="17.621" classname="AutomationTesting.TC01Test"/>
  <system-out/>
</testsuite> <!-- AutomationTesting.TC01Test -->
