<?xml version="1.0" encoding="UTF-8"?>
<!-- Generated by org.testng.reporters.JUnitReportReporter -->
<testsuite skipped="0" hostname="LAPTOP-R2FKFQV8" name="AutomationTesting.TC01Test" tests="1" failures="0" timestamp="2022-09-27T22:36:41 IST" time="21.189" errors="0">
  <testcase name="verifyFunctionality" time="21.189" classname="AutomationTesting.TC01Test"/>
  <system-out/>
</testsuite> <!-- AutomationTesting.TC01Test -->
